<?xml version="1.0" encoding="UTF-8"?>
<!-- Generated by org.testng.reporters.JUnitXMLReporter -->
<testsuite hostname="DESKTOP-SM48EEK" ignored="3" tests="0" failures="0" timestamp="04 Apr 2021 09:47:34 GMT" time="0.01" errors="0">
  <testcase name="testFor" time="0.0" classname="testOne.JavaPractice">
    <ignored/>
  </testcase> <!-- testFor -->
  <testcase name="testWhile" time="0.0" classname="testOne.JavaPractice">
    <ignored/>
  </testcase> <!-- testWhile -->
  <testcase name="testDoWhile" time="0.0" classname="testOne.JavaPractice">
    <ignored/>
  </testcase> <!-- testDoWhile -->
</testsuite>
